app/build/outputs/apk/manifest-merger-debug-report.txt
-- Merging decision tree log ---
manifest
ADDED from AndroidManifest.xml:2:1
	xmlns:android
		ADDED from AndroidManifest.xml:2:11
	package
		ADDED from AndroidManifest.xml:3:5
		INJECTED from AndroidManifest.xml:0:0
		INJECTED from AndroidManifest.xml:0:0
	android:versionName
		INJECTED from AndroidManifest.xml:0:0
		INJECTED from AndroidManifest.xml:0:0
	android:versionCode
		INJECTED from AndroidManifest.xml:0:0
		INJECTED from AndroidManifest.xml:0:0
supports-screens
ADDED from AndroidManifest.xml:5:5
	android:resizeable
		ADDED from AndroidManifest.xml:9:9
	android:largeScreens
		ADDED from AndroidManifest.xml:7:9
	android:anyDensity
		ADDED from AndroidManifest.xml:6:9
	android:normalScreens
		ADDED from AndroidManifest.xml:8:9
	android:xlargeScreens
		ADDED from AndroidManifest.xml:11:9
	android:smallScreens
		ADDED from AndroidManifest.xml:10:9
uses-permission#android.permission.INTERNET
ADDED from AndroidManifest.xml:14:5
	android:name
		ADDED from AndroidManifest.xml:14:22
uses-permission#android.permission.USE_CREDENTIALS
ADDED from AndroidManifest.xml:19:5
	android:name
		ADDED from AndroidManifest.xml:19:22
uses-permission#android.permission.GET_ACCOUNTS
ADDED from AndroidManifest.xml:20:5
	android:name
		ADDED from AndroidManifest.xml:20:22
uses-permission#android.permission.READ_PROFILE
ADDED from AndroidManifest.xml:21:5
	android:name
		ADDED from AndroidManifest.xml:21:22
uses-permission#android.permission.READ_CONTACTS
ADDED from AndroidManifest.xml:22:5
	android:name
		ADDED from AndroidManifest.xml:22:22
application
ADDED from AndroidManifest.xml:24:5
MERGED from com.android.support:appcompat-v7:21.0.3:16:5
MERGED from com.android.support:support-v4:21.0.3:16:5
MERGED from com.google.android.gms:play-services:6.5.87:20:5
MERGED from com.android.support:support-v4:21.0.3:16:5
MERGED from com.github.alamkanak:android-week-view:1.2.1:9:5
MERGED from com.android.support:appcompat-v7:21.0.3:16:5
MERGED from com.android.support:support-v4:21.0.3:16:5
MERGED from com.getbase:floatingactionbutton:1.9.0:12:5
	android:screenOrientation
		ADDED from AndroidManifest.xml:28:9
	android:label
		ADDED from AndroidManifest.xml:27:9
	android:allowBackup
		ADDED from AndroidManifest.xml:25:9
	android:icon
		ADDED from AndroidManifest.xml:26:9
	android:theme
		ADDED from AndroidManifest.xml:29:9
activity#com.kakakuh.c4ppl.kakakuh.LauncherActivity
ADDED from AndroidManifest.xml:32:9
	android:label
		ADDED from AndroidManifest.xml:34:13
	android:theme
		ADDED from AndroidManifest.xml:35:13
	android:name
		ADDED from AndroidManifest.xml:33:13
intent-filter#android.intent.action.MAIN+android.intent.category.LAUNCHER
ADDED from AndroidManifest.xml:36:13
action#android.intent.action.MAIN
ADDED from AndroidManifest.xml:37:17
	android:name
		ADDED from AndroidManifest.xml:37:25
category#android.intent.category.LAUNCHER
ADDED from AndroidManifest.xml:39:17
	android:name
		ADDED from AndroidManifest.xml:39:27
activity#com.kakakuh.c4ppl.kakakuh.MainActivity
ADDED from AndroidManifest.xml:44:9
	android:label
		ADDED from AndroidManifest.xml:46:13
	android:name
		ADDED from AndroidManifest.xml:45:13
activity#com.kakakuh.c4ppl.kakakuh.LoginActivity
ADDED from AndroidManifest.xml:50:9
	android:windowSoftInputMode
		ADDED from AndroidManifest.xml:53:13
	android:theme
		ADDED from AndroidManifest.xml:52:13
	android:name
		ADDED from AndroidManifest.xml:51:13
activity#com.kakakuh.c4ppl.kakakuh.PesanKoordinatorActivity
ADDED from AndroidManifest.xml:57:9
	android:label
		ADDED from AndroidManifest.xml:59:13
	android:name
		ADDED from AndroidManifest.xml:58:13
activity#com.kakakuh.c4ppl.kakakuh.PesanBaruKoordinatorActivity
ADDED from AndroidManifest.xml:61:9
	android:label
		ADDED from AndroidManifest.xml:63:13
	android:parentActivityName
		ADDED from AndroidManifest.xml:64:13
	android:name
		ADDED from AndroidManifest.xml:62:13
meta-data#android.support.PARENT_ACTIVITY
ADDED from AndroidManifest.xml:65:13
	android:name
		ADDED from AndroidManifest.xml:66:17
	android:value
		ADDED from AndroidManifest.xml:67:17
activity#com.kakakuh.c4ppl.kakakuh.PesanKakakActivity
ADDED from AndroidManifest.xml:69:9
	android:label
		ADDED from AndroidManifest.xml:71:13
	android:name
		ADDED from AndroidManifest.xml:70:13
activity#com.kakakuh.c4ppl.kakakuh.PesanBaruKakakActivity
ADDED from AndroidManifest.xml:73:9
	android:label
		ADDED from AndroidManifest.xml:75:13
	android:parentActivityName
		ADDED from AndroidManifest.xml:76:13
	android:name
		ADDED from AndroidManifest.xml:74:13
activity#com.kakakuh.c4ppl.kakakuh.PesanAdikActivity
ADDED from AndroidManifest.xml:81:9
	android:label
		ADDED from AndroidManifest.xml:83:13
	android:name
		ADDED from AndroidManifest.xml:82:13
activity#com.kakakuh.c4ppl.kakakuh.PengaturanUbahPasswordActivity
ADDED from AndroidManifest.xml:87:9
	android:windowSoftInputMode
		ADDED from AndroidManifest.xml:90:13
	android:label
		ADDED from AndroidManifest.xml:89:13
	android:name
		ADDED from AndroidManifest.xml:88:13
activity#com.kakakuh.c4ppl.kakakuh.UbahProfilActivity
ADDED from AndroidManifest.xml:92:9
	android:windowSoftInputMode
		ADDED from AndroidManifest.xml:95:13
	android:label
		ADDED from AndroidManifest.xml:94:13
	android:name
		ADDED from AndroidManifest.xml:93:13
activity#com.kakakuh.c4ppl.kakakuh.PengaturanPesanActivity
ADDED from AndroidManifest.xml:97:9
	android:label
		ADDED from AndroidManifest.xml:99:13
	android:name
		ADDED from AndroidManifest.xml:98:13
activity#com.kakakuh.c4ppl.kakakuh.PengaturanPengingatActivity
ADDED from AndroidManifest.xml:101:9
	android:label
		ADDED from AndroidManifest.xml:103:13
	android:name
		ADDED from AndroidManifest.xml:102:13
activity#com.kakakuh.c4ppl.kakakuh.PengaturanDaftarPasanganActivity
ADDED from AndroidManifest.xml:105:9
	android:label
		ADDED from AndroidManifest.xml:107:13
	android:name
		ADDED from AndroidManifest.xml:106:13
activity#com.kakakuh.c4ppl.kakakuh.PengaturanReviewLogActivity
ADDED from AndroidManifest.xml:109:9
	android:label
		ADDED from AndroidManifest.xml:111:13
	android:name
		ADDED from AndroidManifest.xml:110:13
activity#com.kakakuh.c4ppl.kakakuh.DetailLogActivity
ADDED from AndroidManifest.xml:113:9
	android:label
		ADDED from AndroidManifest.xml:115:13
	android:name
		ADDED from AndroidManifest.xml:114:13
activity#com.kakakuh.c4ppl.kakakuh.ProfilActivity
ADDED from AndroidManifest.xml:119:9
	android:label
		ADDED from AndroidManifest.xml:121:13
	android:name
		ADDED from AndroidManifest.xml:120:13
activity#com.kakakuh.c4ppl.kakakuh.ProfilAboutActivity
ADDED from AndroidManifest.xml:123:9
	android:label
		ADDED from AndroidManifest.xml:125:13
	android:name
		ADDED from AndroidManifest.xml:124:13
activity#com.kakakuh.c4ppl.kakakuh.ProfilLogActivity
ADDED from AndroidManifest.xml:127:9
	android:label
		ADDED from AndroidManifest.xml:129:13
	android:name
		ADDED from AndroidManifest.xml:128:13
activity#com.kakakuh.c4ppl.kakakuh.DetailTugasActivity
ADDED from AndroidManifest.xml:133:9
	android:label
		ADDED from AndroidManifest.xml:135:13
	android:name
		ADDED from AndroidManifest.xml:134:13
activity#com.kakakuh.c4ppl.kakakuh.TambahTugasActivity
ADDED from AndroidManifest.xml:137:9
	android:label
		ADDED from AndroidManifest.xml:139:13
	android:name
		ADDED from AndroidManifest.xml:138:13
activity#com.kakakuh.c4ppl.kakakuh.KerjakanTugasActivity
ADDED from AndroidManifest.xml:141:9
	android:label
		ADDED from AndroidManifest.xml:143:13
	android:name
		ADDED from AndroidManifest.xml:142:13
uses-sdk
INJECTED from AndroidManifest.xml:0:0 reason: use-sdk injection requested
MERGED from com.android.support:appcompat-v7:21.0.3:15:5
MERGED from com.android.support:support-v4:21.0.3:15:5
MERGED from com.google.android.gms:play-services:6.5.87:18:5
MERGED from com.android.support:support-v4:21.0.3:15:5
MERGED from com.github.alamkanak:android-week-view:1.2.1:5:5
MERGED from com.android.support:appcompat-v7:21.0.3:15:5
MERGED from com.android.support:support-v4:21.0.3:15:5
MERGED from com.getbase:floatingactionbutton:1.9.0:8:5
	android:targetSdkVersion
		INJECTED from AndroidManifest.xml:0:0
		INJECTED from AndroidManifest.xml:0:0
	android:minSdkVersion
		INJECTED from AndroidManifest.xml:0:0
		INJECTED from AndroidManifest.xml:0:0
meta-data#com.google.android.gms.version
ADDED from com.google.android.gms:play-services:6.5.87:21:9
	android:name
		ADDED from com.google.android.gms:play-services:6.5.87:22:13
	android:value
		ADDED from com.google.android.gms:play-services:6.5.87:23:13